<!DOCTYPE html PUBLIC "-//W3C//DTD XHTML 1.1//EN" "http://www.w3.org/TR/xhtml11/DTD/xhtml11.dtd">
<html xmlns="http://www.w3.org/1999/xhtml">
<head>
<meta http-equiv="content-type" content="text/html; charset=UTF-8"/>
<title>TestNG Report</title>
<style type="text/css">table {margin-bottom:10px;border-collapse:collapse;empty-cells:show}th,td {border:1px solid #009;padding:.25em .5em}th {vertical-align:bottom}td {vertical-align:top}table a {font-weight:bold}.stripe td {background-color: #E6EBF9}.num {text-align:right}.passedodd td {background-color: #3F3}.passedeven td {background-color: #0A0}.skippedodd td {background-color: #DDD}.skippedeven td {background-color: #CCC}.failedodd td,.attn {background-color: #F33}.failedeven td,.stripe .attn {background-color: #D00}.stacktrace {white-space:pre;font-family:monospace}.totop {font-size:85%;text-align:center;border-bottom:2px solid #000}.invisible {display:none}</style>
</head>
<body>
<table>
<tr><th>Test</th><th># Passed</th><th># Skipped</th><th># Retried</th><th># Failed</th><th>Time (ms)</th><th>Included Groups</th><th>Excluded Groups</th></tr>
<tr><th colspan="8">Test-class Suite</th></tr>
<tr><td><a href="#t0">Test-class test 1</a></td><td class="num">0</td><td class="num attn">2</td><td class="num">0</td><td class="num attn">1</td><td class="num">21,292</td><td></td><td></td></tr>
</table>
<table id='summary'><thead><tr><th>Class</th><th>Method</th><th>Start</th><th>Time (ms)</th></tr></thead><tbody><tr><th colspan="4">Test-class Suite</th></tr></tbody><tbody id="t0"><tr><th colspan="4">Test-class test 1 &#8212; failed</th></tr><tr class="failedeven"><td rowspan="1">com.projectDemo.Test.TC001_GetQuoteAnimal_Dog</td><td><a href="#m0">TestCase</a></td><td rowspan="1">1608833988741</td><td rowspan="1">15990</td></tr><tr><th colspan="4">Test-class test 1 &#8212; skipped</th></tr><tr class="skippedeven"><td rowspan="2">com.projectDemo.Test.TC001_GetQuoteAnimal_Dog</td><td><a href="#m1">TestCase</a></td><td rowspan="2">1608834004741</td><td rowspan="2">303</td></tr><tr class="skippedeven"><td><a href="#m2">TestCase</a></td></tr></tbody>
</table>
<h2>Test-class test 1</h2><h3 id="m0">com.projectDemo.Test.TC001_GetQuoteAnimal_Dog#TestCase</h3><table class="result"><tr class="param"><th>Parameter #1</th></tr><tr class="param stripe"><td>{Gender=Female, Email_ID=abc123@gmail.com, BreedType=single, PetBirthDate=14-October-2014, ContactNumber=07216333670, Name=Puppy, Title=Dr, Neutered=yes, AnimalType=Dog, Comments=, Injury=no, CustomerBirthDate=25-October-1989, SurName=Jain, Postal_Code=YO187TG, Execution=Y, FirstName=Mahesh, Breed_Name_2=, Breed_Name_1=Aberdeen Terrier, =}</td></tr><tr><th>Exception</th></tr><tr><td><div class="stacktrace">org.openqa.selenium.NoSuchSessionException: invalid session id
Build info: version: &apos;3.141.59&apos;, revision: &apos;e82be7d358&apos;, time: &apos;2018-11-14T08:17:03&apos;
System info: host: &apos;LAPTOP-BA4080KV&apos;, ip: &apos;192.168.1.119&apos;, os.name: &apos;Windows 10&apos;, os.arch: &apos;amd64&apos;, os.version: &apos;10.0&apos;, java.version: &apos;14.0.1&apos;
Driver info: org.openqa.selenium.chrome.ChromeDriver
Capabilities {acceptInsecureCerts: false, browserName: chrome, browserVersion: 87.0.4280.88, chrome: {chromedriverVersion: 87.0.4280.88 (89e2380a3e36c..., userDataDir: C:\Users\sunan\AppData\Loca...}, goog:chromeOptions: {debuggerAddress: localhost:60781}, javascriptEnabled: true, networkConnectionEnabled: false, pageLoadStrategy: normal, platform: WINDOWS, platformName: WINDOWS, proxy: Proxy(), setWindowRect: true, strictFileInteractability: false, timeouts: {implicit: 0, pageLoad: 300000, script: 30000}, unhandledPromptBehavior: dismiss and notify, webauthn:virtualAuthenticators: true}
Session ID: de9ed3a932d19af4569119632732fdce
	at org.openqa.selenium.remote.http.W3CHttpResponseCodec.createException(W3CHttpResponseCodec.java:187)
	at org.openqa.selenium.remote.http.W3CHttpResponseCodec.decode(W3CHttpResponseCodec.java:122)
	at org.openqa.selenium.remote.http.W3CHttpResponseCodec.decode(W3CHttpResponseCodec.java:49)
	at org.openqa.selenium.remote.HttpCommandExecutor.execute(HttpCommandExecutor.java:158)
	at org.openqa.selenium.remote.service.DriverCommandExecutor.execute(DriverCommandExecutor.java:83)
	at org.openqa.selenium.remote.RemoteWebDriver.execute(RemoteWebDriver.java:552)
	at org.openqa.selenium.remote.RemoteWebDriver$RemoteWebDriverOptions$RemoteTimeouts.implicitlyWait(RemoteWebDriver.java:780)
	at com.projectDemo.Utility.BaseClass.isElemntExists(BaseClass.java:183)
	at com.projectDemo.Page.PetDetailsPage.petDetails_Dog(PetDetailsPage.java:256)
	at com.projectDemo.Test.TC001_GetQuoteAnimal_Dog.TestCase(TC001_GetQuoteAnimal_Dog.java:51)
	at java.base/java.util.ArrayList.forEach(ArrayList.java:1510)
	at java.base/java.util.concurrent.FutureTask.run(FutureTask.java:264)
	at java.base/java.util.concurrent.ThreadPoolExecutor.runWorker(ThreadPoolExecutor.java:1130)
	at java.base/java.util.concurrent.ThreadPoolExecutor$Worker.run(ThreadPoolExecutor.java:630)
	at java.base/java.lang.Thread.run(Thread.java:832)
... Removed 23 stack frames</div></td></tr></table><p class="totop"><a href="#summary">back to summary</a></p>
<h3 id="m1">com.projectDemo.Test.TC001_GetQuoteAnimal_Dog#TestCase</h3><table class="result"><tr class="param"><th>Parameter #1</th></tr><tr class="param stripe"><td>{Gender=Male, Email_ID=, BreedType=mixed, PetBirthDate=14-October-2015, ContactNumber=, Name=Tiger, Title=, Neutered=No, AnimalType=Dog, Comments=, Injury=yes, CustomerBirthDate=, SurName=, Postal_Code=, Execution=N, FirstName=, Breed_Name_2=Aberdeen Terrier, Breed_Name_1=Sheapord, =}</td></tr><tr><th>Exception</th></tr><tr><td><div class="stacktrace">org.testng.SkipException: TC001_GetQuoteAnimal_Dog&apos;s execution control has been made to no in excel sheet
	at com.projectDemo.Test.TC001_GetQuoteAnimal_Dog.TestCase(TC001_GetQuoteAnimal_Dog.java:41)
	at java.base/java.util.ArrayList.forEach(ArrayList.java:1510)
	at java.base/java.util.concurrent.FutureTask.run(FutureTask.java:264)
	at java.base/java.util.concurrent.ThreadPoolExecutor.runWorker(ThreadPoolExecutor.java:1130)
	at java.base/java.util.concurrent.ThreadPoolExecutor$Worker.run(ThreadPoolExecutor.java:630)
	at java.base/java.lang.Thread.run(Thread.java:832)
... Removed 18 stack frames</div></td></tr></table><p class="totop"><a href="#summary">back to summary</a></p>
<h3 id="m2">com.projectDemo.Test.TC001_GetQuoteAnimal_Dog#TestCase</h3><table class="result"><tr class="param"><th>Parameter #1</th></tr><tr class="param stripe"><td>{Gender=Male, Email_ID=, BreedType=single, PetBirthDate=14-October-2016, ContactNumber=, Name=Disco, Title=, Neutered=yes, AnimalType=Dog, Comments=, Injury=yes, CustomerBirthDate=, SurName=, Postal_Code=, Execution=N, FirstName=, Breed_Name_2=, Breed_Name_1=Aberdeen Terrier, =}</td></tr><tr><th>Exception</th></tr><tr><td><div class="stacktrace">org.testng.SkipException: TC001_GetQuoteAnimal_Dog&apos;s execution control has been made to no in excel sheet
	at com.projectDemo.Test.TC001_GetQuoteAnimal_Dog.TestCase(TC001_GetQuoteAnimal_Dog.java:41)
	at java.base/java.util.ArrayList.forEach(ArrayList.java:1510)
	at java.base/java.util.concurrent.FutureTask.run(FutureTask.java:264)
	at java.base/java.util.concurrent.ThreadPoolExecutor.runWorker(ThreadPoolExecutor.java:1130)
	at java.base/java.util.concurrent.ThreadPoolExecutor$Worker.run(ThreadPoolExecutor.java:630)
	at java.base/java.lang.Thread.run(Thread.java:832)
... Removed 18 stack frames</div></td></tr></table><p class="totop"><a href="#summary">back to summary</a></p>
</body>
</html>
